
2017-02-04 09:13:42
[ERROR]-[Thread: qtp1973538135-60]-[com.jfinal.core.ActionHandler.handle()]: /admin/menu
com.jfinal.render.RenderException: com.jfinal.template.TemplateException: Can not accessed by "menuOrder" field from null target
Template: "/_view/_admin/menu/index.html". Line: 21
	at com.jfinal.render.TemplateRender.render(TemplateRender.java:63)
	at com.jfinal.core.ActionHandler.handle(ActionHandler.java:99)
	at com.jfinal.core.JFinalFilter.doFilter(JFinalFilter.java:74)
	at org.eclipse.jetty.servlet.ServletHandler$CachedChain.doFilter(ServletHandler.java:1307)
	at org.eclipse.jetty.servlet.ServletHandler.doHandle(ServletHandler.java:453)
	at org.eclipse.jetty.server.handler.ScopedHandler.handle(ScopedHandler.java:137)
	at org.eclipse.jetty.security.SecurityHandler.handle(SecurityHandler.java:560)
	at org.eclipse.jetty.server.session.SessionHandler.doHandle(SessionHandler.java:231)
	at org.eclipse.jetty.server.handler.ContextHandler.doHandle(ContextHandler.java:1072)
	at org.eclipse.jetty.servlet.ServletHandler.doScope(ServletHandler.java:382)
	at org.eclipse.jetty.server.session.SessionHandler.doScope(SessionHandler.java:193)
	at org.eclipse.jetty.server.handler.ContextHandler.doScope(ContextHandler.java:1006)
	at org.eclipse.jetty.server.handler.ScopedHandler.handle(ScopedHandler.java:135)
	at org.eclipse.jetty.server.handler.HandlerWrapper.handle(HandlerWrapper.java:116)
	at org.eclipse.jetty.server.Server.handle(Server.java:365)
	at org.eclipse.jetty.server.AbstractHttpConnection.handleRequest(AbstractHttpConnection.java:485)
	at org.eclipse.jetty.server.AbstractHttpConnection.headerComplete(AbstractHttpConnection.java:926)
	at org.eclipse.jetty.server.AbstractHttpConnection$RequestHandler.headerComplete(AbstractHttpConnection.java:988)
	at org.eclipse.jetty.http.HttpParser.parseNext(HttpParser.java:635)
	at org.eclipse.jetty.http.HttpParser.parseAvailable(HttpParser.java:235)
	at org.eclipse.jetty.server.AsyncHttpConnection.handle(AsyncHttpConnection.java:82)
	at org.eclipse.jetty.io.nio.SelectChannelEndPoint.handle(SelectChannelEndPoint.java:628)
	at org.eclipse.jetty.io.nio.SelectChannelEndPoint$1.run(SelectChannelEndPoint.java:52)
	at org.eclipse.jetty.util.thread.QueuedThreadPool.runJob(QueuedThreadPool.java:608)
	at org.eclipse.jetty.util.thread.QueuedThreadPool$3.run(QueuedThreadPool.java:543)
	at java.lang.Thread.run(Unknown Source)
Caused by: com.jfinal.template.TemplateException: Can not accessed by "menuOrder" field from null target
Template: "/_view/_admin/menu/index.html". Line: 21
	at com.jfinal.template.expr.ast.Field.eval(Field.java:59)
	at com.jfinal.template.expr.ast.ExprList.eval(ExprList.java:59)
	at com.jfinal.template.stat.ast.Output.exec(Output.java:46)
	at com.jfinal.template.stat.ast.StatList.exec(StatList.java:47)
	at com.jfinal.template.stat.ast.If.exec(If.java:53)
	at com.jfinal.template.stat.ast.StatList.exec(StatList.java:47)
	at com.jfinal.template.stat.ast.For.forIterator(For.java:74)
	at com.jfinal.template.stat.ast.For.exec(For.java:53)
	at com.jfinal.template.stat.ast.StatList.exec(StatList.java:47)
	at com.jfinal.template.stat.ast.Define.call(Define.java:105)
	at com.jfinal.template.stat.ast.Call.exec(Call.java:49)
	at com.jfinal.template.stat.ast.StatList.exec(StatList.java:47)
	at com.jfinal.template.stat.ast.Define.call(Define.java:105)
	at com.jfinal.template.stat.ast.Call.exec(Call.java:49)
	at com.jfinal.template.stat.ast.StatList.exec(StatList.java:47)
	at com.jfinal.template.Template.render(Template.java:49)
	at com.jfinal.render.TemplateRender.render(TemplateRender.java:61)
	... 25 more

2017-02-04 09:20:35
[ERROR]-[Thread: qtp1973538135-57]-[com.jfinal.core.ActionHandler.handle()]: /admin/menu/reOrder
java.lang.IndexOutOfBoundsException: Index: 0, Size: 0
	at java.util.ArrayList.rangeCheck(Unknown Source)
	at java.util.ArrayList.get(Unknown Source)
	at org.kelab.admin.ke.menu.MenuAdminService.reOrder(MenuAdminService.java:155)
	at org.kelab.admin.ke.menu.MenuAdminController.reOrder(MenuAdminController.java:42)
	at sun.reflect.NativeMethodAccessorImpl.invoke0(Native Method)
	at sun.reflect.NativeMethodAccessorImpl.invoke(Unknown Source)
	at sun.reflect.DelegatingMethodAccessorImpl.invoke(Unknown Source)
	at java.lang.reflect.Method.invoke(Unknown Source)
	at com.jfinal.aop.Invocation.invoke(Invocation.java:73)
	at org.kelab.common.interceptor.AdminAuthInterceptor.intercept(AdminAuthInterceptor.java:43)
	at com.jfinal.aop.Invocation.invoke(Invocation.java:67)
	at org.kelab.common.interceptor.LoginSessionInterceptor.intercept(LoginSessionInterceptor.java:40)
	at com.jfinal.aop.Invocation.invoke(Invocation.java:67)
	at com.jfinal.core.ActionHandler.handle(ActionHandler.java:74)
	at com.jfinal.core.JFinalFilter.doFilter(JFinalFilter.java:74)
	at org.eclipse.jetty.servlet.ServletHandler$CachedChain.doFilter(ServletHandler.java:1307)
	at org.eclipse.jetty.servlet.ServletHandler.doHandle(ServletHandler.java:453)
	at org.eclipse.jetty.server.handler.ScopedHandler.handle(ScopedHandler.java:137)
	at org.eclipse.jetty.security.SecurityHandler.handle(SecurityHandler.java:560)
	at org.eclipse.jetty.server.session.SessionHandler.doHandle(SessionHandler.java:231)
	at org.eclipse.jetty.server.handler.ContextHandler.doHandle(ContextHandler.java:1072)
	at org.eclipse.jetty.servlet.ServletHandler.doScope(ServletHandler.java:382)
	at org.eclipse.jetty.server.session.SessionHandler.doScope(SessionHandler.java:193)
	at org.eclipse.jetty.server.handler.ContextHandler.doScope(ContextHandler.java:1006)
	at org.eclipse.jetty.server.handler.ScopedHandler.handle(ScopedHandler.java:135)
	at org.eclipse.jetty.server.handler.HandlerWrapper.handle(HandlerWrapper.java:116)
	at org.eclipse.jetty.server.Server.handle(Server.java:365)
	at org.eclipse.jetty.server.AbstractHttpConnection.handleRequest(AbstractHttpConnection.java:485)
	at org.eclipse.jetty.server.AbstractHttpConnection.content(AbstractHttpConnection.java:937)
	at org.eclipse.jetty.server.AbstractHttpConnection$RequestHandler.content(AbstractHttpConnection.java:998)
	at org.eclipse.jetty.http.HttpParser.parseNext(HttpParser.java:856)
	at org.eclipse.jetty.http.HttpParser.parseAvailable(HttpParser.java:240)
	at org.eclipse.jetty.server.AsyncHttpConnection.handle(AsyncHttpConnection.java:82)
	at org.eclipse.jetty.io.nio.SelectChannelEndPoint.handle(SelectChannelEndPoint.java:628)
	at org.eclipse.jetty.io.nio.SelectChannelEndPoint$1.run(SelectChannelEndPoint.java:52)
	at org.eclipse.jetty.util.thread.QueuedThreadPool.runJob(QueuedThreadPool.java:608)
	at org.eclipse.jetty.util.thread.QueuedThreadPool$3.run(QueuedThreadPool.java:543)
	at java.lang.Thread.run(Unknown Source)

2017-02-04 09:20:35
[ERROR]-[Thread: qtp1973538135-57]-[com.jfinal.core.JFinalFilter.doFilter()]: /admin/menu/reOrder
com.jfinal.render.RenderException: java.lang.RuntimeException: File not found : D:\workspace_mars\mat\WebRoot/_view/_admin/menu/error_500.html
	at com.jfinal.render.TemplateRender.render(TemplateRender.java:63)
	at com.jfinal.render.ErrorRender.render(ErrorRender.java:51)
	at com.jfinal.core.ActionHandler.handle(ActionHandler.java:137)
	at com.jfinal.core.JFinalFilter.doFilter(JFinalFilter.java:74)
	at org.eclipse.jetty.servlet.ServletHandler$CachedChain.doFilter(ServletHandler.java:1307)
	at org.eclipse.jetty.servlet.ServletHandler.doHandle(ServletHandler.java:453)
	at org.eclipse.jetty.server.handler.ScopedHandler.handle(ScopedHandler.java:137)
	at org.eclipse.jetty.security.SecurityHandler.handle(SecurityHandler.java:560)
	at org.eclipse.jetty.server.session.SessionHandler.doHandle(SessionHandler.java:231)
	at org.eclipse.jetty.server.handler.ContextHandler.doHandle(ContextHandler.java:1072)
	at org.eclipse.jetty.servlet.ServletHandler.doScope(ServletHandler.java:382)
	at org.eclipse.jetty.server.session.SessionHandler.doScope(SessionHandler.java:193)
	at org.eclipse.jetty.server.handler.ContextHandler.doScope(ContextHandler.java:1006)
	at org.eclipse.jetty.server.handler.ScopedHandler.handle(ScopedHandler.java:135)
	at org.eclipse.jetty.server.handler.HandlerWrapper.handle(HandlerWrapper.java:116)
	at org.eclipse.jetty.server.Server.handle(Server.java:365)
	at org.eclipse.jetty.server.AbstractHttpConnection.handleRequest(AbstractHttpConnection.java:485)
	at org.eclipse.jetty.server.AbstractHttpConnection.content(AbstractHttpConnection.java:937)
	at org.eclipse.jetty.server.AbstractHttpConnection$RequestHandler.content(AbstractHttpConnection.java:998)
	at org.eclipse.jetty.http.HttpParser.parseNext(HttpParser.java:856)
	at org.eclipse.jetty.http.HttpParser.parseAvailable(HttpParser.java:240)
	at org.eclipse.jetty.server.AsyncHttpConnection.handle(AsyncHttpConnection.java:82)
	at org.eclipse.jetty.io.nio.SelectChannelEndPoint.handle(SelectChannelEndPoint.java:628)
	at org.eclipse.jetty.io.nio.SelectChannelEndPoint$1.run(SelectChannelEndPoint.java:52)
	at org.eclipse.jetty.util.thread.QueuedThreadPool.runJob(QueuedThreadPool.java:608)
	at org.eclipse.jetty.util.thread.QueuedThreadPool$3.run(QueuedThreadPool.java:543)
	at java.lang.Thread.run(Unknown Source)
Caused by: java.lang.RuntimeException: File not found : D:\workspace_mars\mat\WebRoot/_view/_admin/menu/error_500.html
	at com.jfinal.template.FileStringSource.loadFile(FileStringSource.java:75)
	at com.jfinal.template.FileStringSource.getContent(FileStringSource.java:50)
	at com.jfinal.template.Engine.buildTemplateByFileStringSource(Engine.java:150)
	at com.jfinal.template.Engine.getTemplate(Engine.java:133)
	at com.jfinal.render.TemplateRender.render(TemplateRender.java:61)
	... 26 more

2017-02-04 09:20:53
[ERROR]-[Thread: qtp1973538135-71]-[com.jfinal.core.ActionHandler.handle()]: /admin/menu/reOrder
java.lang.IndexOutOfBoundsException: Index: 0, Size: 0
	at java.util.ArrayList.rangeCheck(Unknown Source)
	at java.util.ArrayList.get(Unknown Source)
	at org.kelab.admin.ke.menu.MenuAdminService.reOrder(MenuAdminService.java:155)
	at org.kelab.admin.ke.menu.MenuAdminController.reOrder(MenuAdminController.java:42)
	at sun.reflect.NativeMethodAccessorImpl.invoke0(Native Method)
	at sun.reflect.NativeMethodAccessorImpl.invoke(Unknown Source)
	at sun.reflect.DelegatingMethodAccessorImpl.invoke(Unknown Source)
	at java.lang.reflect.Method.invoke(Unknown Source)
	at com.jfinal.aop.Invocation.invoke(Invocation.java:73)
	at org.kelab.common.interceptor.AdminAuthInterceptor.intercept(AdminAuthInterceptor.java:43)
	at com.jfinal.aop.Invocation.invoke(Invocation.java:67)
	at org.kelab.common.interceptor.LoginSessionInterceptor.intercept(LoginSessionInterceptor.java:40)
	at com.jfinal.aop.Invocation.invoke(Invocation.java:67)
	at com.jfinal.core.ActionHandler.handle(ActionHandler.java:74)
	at com.jfinal.core.JFinalFilter.doFilter(JFinalFilter.java:74)
	at org.eclipse.jetty.servlet.ServletHandler$CachedChain.doFilter(ServletHandler.java:1307)
	at org.eclipse.jetty.servlet.ServletHandler.doHandle(ServletHandler.java:453)
	at org.eclipse.jetty.server.handler.ScopedHandler.handle(ScopedHandler.java:137)
	at org.eclipse.jetty.security.SecurityHandler.handle(SecurityHandler.java:560)
	at org.eclipse.jetty.server.session.SessionHandler.doHandle(SessionHandler.java:231)
	at org.eclipse.jetty.server.handler.ContextHandler.doHandle(ContextHandler.java:1072)
	at org.eclipse.jetty.servlet.ServletHandler.doScope(ServletHandler.java:382)
	at org.eclipse.jetty.server.session.SessionHandler.doScope(SessionHandler.java:193)
	at org.eclipse.jetty.server.handler.ContextHandler.doScope(ContextHandler.java:1006)
	at org.eclipse.jetty.server.handler.ScopedHandler.handle(ScopedHandler.java:135)
	at org.eclipse.jetty.server.handler.HandlerWrapper.handle(HandlerWrapper.java:116)
	at org.eclipse.jetty.server.Server.handle(Server.java:365)
	at org.eclipse.jetty.server.AbstractHttpConnection.handleRequest(AbstractHttpConnection.java:485)
	at org.eclipse.jetty.server.AbstractHttpConnection.content(AbstractHttpConnection.java:937)
	at org.eclipse.jetty.server.AbstractHttpConnection$RequestHandler.content(AbstractHttpConnection.java:998)
	at org.eclipse.jetty.http.HttpParser.parseNext(HttpParser.java:856)
	at org.eclipse.jetty.http.HttpParser.parseAvailable(HttpParser.java:240)
	at org.eclipse.jetty.server.AsyncHttpConnection.handle(AsyncHttpConnection.java:82)
	at org.eclipse.jetty.io.nio.SelectChannelEndPoint.handle(SelectChannelEndPoint.java:628)
	at org.eclipse.jetty.io.nio.SelectChannelEndPoint$1.run(SelectChannelEndPoint.java:52)
	at org.eclipse.jetty.util.thread.QueuedThreadPool.runJob(QueuedThreadPool.java:608)
	at org.eclipse.jetty.util.thread.QueuedThreadPool$3.run(QueuedThreadPool.java:543)
	at java.lang.Thread.run(Unknown Source)

2017-02-04 09:20:53
[ERROR]-[Thread: qtp1973538135-71]-[com.jfinal.core.JFinalFilter.doFilter()]: /admin/menu/reOrder
com.jfinal.render.RenderException: java.lang.RuntimeException: File not found : D:\workspace_mars\mat\WebRoot/_view/_admin/menu/error_500.html
	at com.jfinal.render.TemplateRender.render(TemplateRender.java:63)
	at com.jfinal.render.ErrorRender.render(ErrorRender.java:51)
	at com.jfinal.core.ActionHandler.handle(ActionHandler.java:137)
	at com.jfinal.core.JFinalFilter.doFilter(JFinalFilter.java:74)
	at org.eclipse.jetty.servlet.ServletHandler$CachedChain.doFilter(ServletHandler.java:1307)
	at org.eclipse.jetty.servlet.ServletHandler.doHandle(ServletHandler.java:453)
	at org.eclipse.jetty.server.handler.ScopedHandler.handle(ScopedHandler.java:137)
	at org.eclipse.jetty.security.SecurityHandler.handle(SecurityHandler.java:560)
	at org.eclipse.jetty.server.session.SessionHandler.doHandle(SessionHandler.java:231)
	at org.eclipse.jetty.server.handler.ContextHandler.doHandle(ContextHandler.java:1072)
	at org.eclipse.jetty.servlet.ServletHandler.doScope(ServletHandler.java:382)
	at org.eclipse.jetty.server.session.SessionHandler.doScope(SessionHandler.java:193)
	at org.eclipse.jetty.server.handler.ContextHandler.doScope(ContextHandler.java:1006)
	at org.eclipse.jetty.server.handler.ScopedHandler.handle(ScopedHandler.java:135)
	at org.eclipse.jetty.server.handler.HandlerWrapper.handle(HandlerWrapper.java:116)
	at org.eclipse.jetty.server.Server.handle(Server.java:365)
	at org.eclipse.jetty.server.AbstractHttpConnection.handleRequest(AbstractHttpConnection.java:485)
	at org.eclipse.jetty.server.AbstractHttpConnection.content(AbstractHttpConnection.java:937)
	at org.eclipse.jetty.server.AbstractHttpConnection$RequestHandler.content(AbstractHttpConnection.java:998)
	at org.eclipse.jetty.http.HttpParser.parseNext(HttpParser.java:856)
	at org.eclipse.jetty.http.HttpParser.parseAvailable(HttpParser.java:240)
	at org.eclipse.jetty.server.AsyncHttpConnection.handle(AsyncHttpConnection.java:82)
	at org.eclipse.jetty.io.nio.SelectChannelEndPoint.handle(SelectChannelEndPoint.java:628)
	at org.eclipse.jetty.io.nio.SelectChannelEndPoint$1.run(SelectChannelEndPoint.java:52)
	at org.eclipse.jetty.util.thread.QueuedThreadPool.runJob(QueuedThreadPool.java:608)
	at org.eclipse.jetty.util.thread.QueuedThreadPool$3.run(QueuedThreadPool.java:543)
	at java.lang.Thread.run(Unknown Source)
Caused by: java.lang.RuntimeException: File not found : D:\workspace_mars\mat\WebRoot/_view/_admin/menu/error_500.html
	at com.jfinal.template.FileStringSource.loadFile(FileStringSource.java:75)
	at com.jfinal.template.FileStringSource.getContent(FileStringSource.java:50)
	at com.jfinal.template.Engine.buildTemplateByFileStringSource(Engine.java:150)
	at com.jfinal.template.Engine.getTemplate(Engine.java:133)
	at com.jfinal.render.TemplateRender.render(TemplateRender.java:61)
	... 26 more

2017-02-04 09:47:31
[ERROR]-[Thread: qtp1973538135-221]-[com.jfinal.core.ActionHandler.handle()]: /admin/userlog
com.jfinal.plugin.activerecord.ActiveRecordException: com.jfinal.plugin.activerecord.ActiveRecordException: pageNumber and pageSize must more than 0
	at com.jfinal.plugin.activerecord.Model.paginate(Model.java:299)
	at com.jfinal.plugin.activerecord.Model.paginate(Model.java:373)
	at org.kelab.admin.ke.userlog.UserLogAdminService.findAllUserLog(UserLogAdminService.java:40)
	at org.kelab.admin.ke.userlog.UserLogAdminController.index(UserLogAdminController.java:25)
	at sun.reflect.NativeMethodAccessorImpl.invoke0(Native Method)
	at sun.reflect.NativeMethodAccessorImpl.invoke(Unknown Source)
	at sun.reflect.DelegatingMethodAccessorImpl.invoke(Unknown Source)
	at java.lang.reflect.Method.invoke(Unknown Source)
	at com.jfinal.aop.Invocation.invoke(Invocation.java:73)
	at org.kelab.common.interceptor.AdminAuthInterceptor.intercept(AdminAuthInterceptor.java:43)
	at com.jfinal.aop.Invocation.invoke(Invocation.java:67)
	at org.kelab.common.interceptor.LoginSessionInterceptor.intercept(LoginSessionInterceptor.java:40)
	at com.jfinal.aop.Invocation.invoke(Invocation.java:67)
	at com.jfinal.core.ActionHandler.handle(ActionHandler.java:74)
	at com.jfinal.core.JFinalFilter.doFilter(JFinalFilter.java:74)
	at org.eclipse.jetty.servlet.ServletHandler$CachedChain.doFilter(ServletHandler.java:1307)
	at org.eclipse.jetty.servlet.ServletHandler.doHandle(ServletHandler.java:453)
	at org.eclipse.jetty.server.handler.ScopedHandler.handle(ScopedHandler.java:137)
	at org.eclipse.jetty.security.SecurityHandler.handle(SecurityHandler.java:560)
	at org.eclipse.jetty.server.session.SessionHandler.doHandle(SessionHandler.java:231)
	at org.eclipse.jetty.server.handler.ContextHandler.doHandle(ContextHandler.java:1072)
	at org.eclipse.jetty.servlet.ServletHandler.doScope(ServletHandler.java:382)
	at org.eclipse.jetty.server.session.SessionHandler.doScope(SessionHandler.java:193)
	at org.eclipse.jetty.server.handler.ContextHandler.doScope(ContextHandler.java:1006)
	at org.eclipse.jetty.server.handler.ScopedHandler.handle(ScopedHandler.java:135)
	at org.eclipse.jetty.server.handler.HandlerWrapper.handle(HandlerWrapper.java:116)
	at org.eclipse.jetty.server.Server.handle(Server.java:365)
	at org.eclipse.jetty.server.AbstractHttpConnection.handleRequest(AbstractHttpConnection.java:485)
	at org.eclipse.jetty.server.AbstractHttpConnection.headerComplete(AbstractHttpConnection.java:926)
	at org.eclipse.jetty.server.AbstractHttpConnection$RequestHandler.headerComplete(AbstractHttpConnection.java:988)
	at org.eclipse.jetty.http.HttpParser.parseNext(HttpParser.java:635)
	at org.eclipse.jetty.http.HttpParser.parseAvailable(HttpParser.java:235)
	at org.eclipse.jetty.server.AsyncHttpConnection.handle(AsyncHttpConnection.java:82)
	at org.eclipse.jetty.io.nio.SelectChannelEndPoint.handle(SelectChannelEndPoint.java:628)
	at org.eclipse.jetty.io.nio.SelectChannelEndPoint$1.run(SelectChannelEndPoint.java:52)
	at org.eclipse.jetty.util.thread.QueuedThreadPool.runJob(QueuedThreadPool.java:608)
	at org.eclipse.jetty.util.thread.QueuedThreadPool$3.run(QueuedThreadPool.java:543)
	at java.lang.Thread.run(Unknown Source)
Caused by: com.jfinal.plugin.activerecord.ActiveRecordException: pageNumber and pageSize must more than 0
	at com.jfinal.plugin.activerecord.Model.doPaginate(Model.java:331)
	at com.jfinal.plugin.activerecord.Model.paginate(Model.java:326)
	at com.jfinal.plugin.activerecord.Model.paginate(Model.java:297)
	... 37 more

2017-02-04 09:47:31
[ERROR]-[Thread: qtp1973538135-221]-[com.jfinal.core.JFinalFilter.doFilter()]: /admin/userlog
com.jfinal.render.RenderException: java.lang.RuntimeException: File not found : D:\workspace_mars\mat\WebRoot/_view/_admin/userlog/error_500.html
	at com.jfinal.render.TemplateRender.render(TemplateRender.java:63)
	at com.jfinal.render.ErrorRender.render(ErrorRender.java:51)
	at com.jfinal.core.ActionHandler.handle(ActionHandler.java:137)
	at com.jfinal.core.JFinalFilter.doFilter(JFinalFilter.java:74)
	at org.eclipse.jetty.servlet.ServletHandler$CachedChain.doFilter(ServletHandler.java:1307)
	at org.eclipse.jetty.servlet.ServletHandler.doHandle(ServletHandler.java:453)
	at org.eclipse.jetty.server.handler.ScopedHandler.handle(ScopedHandler.java:137)
	at org.eclipse.jetty.security.SecurityHandler.handle(SecurityHandler.java:560)
	at org.eclipse.jetty.server.session.SessionHandler.doHandle(SessionHandler.java:231)
	at org.eclipse.jetty.server.handler.ContextHandler.doHandle(ContextHandler.java:1072)
	at org.eclipse.jetty.servlet.ServletHandler.doScope(ServletHandler.java:382)
	at org.eclipse.jetty.server.session.SessionHandler.doScope(SessionHandler.java:193)
	at org.eclipse.jetty.server.handler.ContextHandler.doScope(ContextHandler.java:1006)
	at org.eclipse.jetty.server.handler.ScopedHandler.handle(ScopedHandler.java:135)
	at org.eclipse.jetty.server.handler.HandlerWrapper.handle(HandlerWrapper.java:116)
	at org.eclipse.jetty.server.Server.handle(Server.java:365)
	at org.eclipse.jetty.server.AbstractHttpConnection.handleRequest(AbstractHttpConnection.java:485)
	at org.eclipse.jetty.server.AbstractHttpConnection.headerComplete(AbstractHttpConnection.java:926)
	at org.eclipse.jetty.server.AbstractHttpConnection$RequestHandler.headerComplete(AbstractHttpConnection.java:988)
	at org.eclipse.jetty.http.HttpParser.parseNext(HttpParser.java:635)
	at org.eclipse.jetty.http.HttpParser.parseAvailable(HttpParser.java:235)
	at org.eclipse.jetty.server.AsyncHttpConnection.handle(AsyncHttpConnection.java:82)
	at org.eclipse.jetty.io.nio.SelectChannelEndPoint.handle(SelectChannelEndPoint.java:628)
	at org.eclipse.jetty.io.nio.SelectChannelEndPoint$1.run(SelectChannelEndPoint.java:52)
	at org.eclipse.jetty.util.thread.QueuedThreadPool.runJob(QueuedThreadPool.java:608)
	at org.eclipse.jetty.util.thread.QueuedThreadPool$3.run(QueuedThreadPool.java:543)
	at java.lang.Thread.run(Unknown Source)
Caused by: java.lang.RuntimeException: File not found : D:\workspace_mars\mat\WebRoot/_view/_admin/userlog/error_500.html
	at com.jfinal.template.FileStringSource.loadFile(FileStringSource.java:75)
	at com.jfinal.template.FileStringSource.getContent(FileStringSource.java:50)
	at com.jfinal.template.Engine.buildTemplateByFileStringSource(Engine.java:150)
	at com.jfinal.template.Engine.getTemplate(Engine.java:133)
	at com.jfinal.render.TemplateRender.render(TemplateRender.java:61)
	... 26 more

2017-02-04 10:52:32
[ERROR]-[Thread: qtp1973538135-284]-[com.jfinal.core.ActionHandler.handle()]: /admin/userlog
com.jfinal.render.RenderException: com.jfinal.template.TemplateException: Can not accessed by "keyWord" field from null target
Template: "/_view/_admin/userlog/index.html". Line: 15
	at com.jfinal.render.TemplateRender.render(TemplateRender.java:63)
	at com.jfinal.core.ActionHandler.handle(ActionHandler.java:99)
	at com.jfinal.core.JFinalFilter.doFilter(JFinalFilter.java:74)
	at org.eclipse.jetty.servlet.ServletHandler$CachedChain.doFilter(ServletHandler.java:1307)
	at org.eclipse.jetty.servlet.ServletHandler.doHandle(ServletHandler.java:453)
	at org.eclipse.jetty.server.handler.ScopedHandler.handle(ScopedHandler.java:137)
	at org.eclipse.jetty.security.SecurityHandler.handle(SecurityHandler.java:560)
	at org.eclipse.jetty.server.session.SessionHandler.doHandle(SessionHandler.java:231)
	at org.eclipse.jetty.server.handler.ContextHandler.doHandle(ContextHandler.java:1072)
	at org.eclipse.jetty.servlet.ServletHandler.doScope(ServletHandler.java:382)
	at org.eclipse.jetty.server.session.SessionHandler.doScope(SessionHandler.java:193)
	at org.eclipse.jetty.server.handler.ContextHandler.doScope(ContextHandler.java:1006)
	at org.eclipse.jetty.server.handler.ScopedHandler.handle(ScopedHandler.java:135)
	at org.eclipse.jetty.server.handler.HandlerWrapper.handle(HandlerWrapper.java:116)
	at org.eclipse.jetty.server.Server.handle(Server.java:365)
	at org.eclipse.jetty.server.AbstractHttpConnection.handleRequest(AbstractHttpConnection.java:485)
	at org.eclipse.jetty.server.AbstractHttpConnection.headerComplete(AbstractHttpConnection.java:926)
	at org.eclipse.jetty.server.AbstractHttpConnection$RequestHandler.headerComplete(AbstractHttpConnection.java:988)
	at org.eclipse.jetty.http.HttpParser.parseNext(HttpParser.java:635)
	at org.eclipse.jetty.http.HttpParser.parseAvailable(HttpParser.java:235)
	at org.eclipse.jetty.server.AsyncHttpConnection.handle(AsyncHttpConnection.java:82)
	at org.eclipse.jetty.io.nio.SelectChannelEndPoint.handle(SelectChannelEndPoint.java:628)
	at org.eclipse.jetty.io.nio.SelectChannelEndPoint$1.run(SelectChannelEndPoint.java:52)
	at org.eclipse.jetty.util.thread.QueuedThreadPool.runJob(QueuedThreadPool.java:608)
	at org.eclipse.jetty.util.thread.QueuedThreadPool$3.run(QueuedThreadPool.java:543)
	at java.lang.Thread.run(Unknown Source)
Caused by: com.jfinal.template.TemplateException: Can not accessed by "keyWord" field from null target
Template: "/_view/_admin/userlog/index.html". Line: 15
	at com.jfinal.template.expr.ast.Field.eval(Field.java:59)
	at com.jfinal.template.expr.ast.ExprList.eval(ExprList.java:59)
	at com.jfinal.template.stat.ast.Output.exec(Output.java:46)
	at com.jfinal.template.stat.ast.StatList.exec(StatList.java:47)
	at com.jfinal.template.stat.ast.Define.call(Define.java:105)
	at com.jfinal.template.stat.ast.Call.exec(Call.java:49)
	at com.jfinal.template.stat.ast.StatList.exec(StatList.java:47)
	at com.jfinal.template.stat.ast.Define.call(Define.java:105)
	at com.jfinal.template.stat.ast.Call.exec(Call.java:49)
	at com.jfinal.template.stat.ast.StatList.exec(StatList.java:47)
	at com.jfinal.template.Template.render(Template.java:49)
	at com.jfinal.render.TemplateRender.render(TemplateRender.java:61)
	... 25 more

2017-02-04 10:52:33
[ERROR]-[Thread: qtp1973538135-285]-[com.jfinal.core.ActionHandler.handle()]: /admin/userlog
com.jfinal.render.RenderException: com.jfinal.template.TemplateException: Can not accessed by "keyWord" field from null target
Template: "/_view/_admin/userlog/index.html". Line: 15
	at com.jfinal.render.TemplateRender.render(TemplateRender.java:63)
	at com.jfinal.core.ActionHandler.handle(ActionHandler.java:99)
	at com.jfinal.core.JFinalFilter.doFilter(JFinalFilter.java:74)
	at org.eclipse.jetty.servlet.ServletHandler$CachedChain.doFilter(ServletHandler.java:1307)
	at org.eclipse.jetty.servlet.ServletHandler.doHandle(ServletHandler.java:453)
	at org.eclipse.jetty.server.handler.ScopedHandler.handle(ScopedHandler.java:137)
	at org.eclipse.jetty.security.SecurityHandler.handle(SecurityHandler.java:560)
	at org.eclipse.jetty.server.session.SessionHandler.doHandle(SessionHandler.java:231)
	at org.eclipse.jetty.server.handler.ContextHandler.doHandle(ContextHandler.java:1072)
	at org.eclipse.jetty.servlet.ServletHandler.doScope(ServletHandler.java:382)
	at org.eclipse.jetty.server.session.SessionHandler.doScope(SessionHandler.java:193)
	at org.eclipse.jetty.server.handler.ContextHandler.doScope(ContextHandler.java:1006)
	at org.eclipse.jetty.server.handler.ScopedHandler.handle(ScopedHandler.java:135)
	at org.eclipse.jetty.server.handler.HandlerWrapper.handle(HandlerWrapper.java:116)
	at org.eclipse.jetty.server.Server.handle(Server.java:365)
	at org.eclipse.jetty.server.AbstractHttpConnection.handleRequest(AbstractHttpConnection.java:485)
	at org.eclipse.jetty.server.AbstractHttpConnection.headerComplete(AbstractHttpConnection.java:926)
	at org.eclipse.jetty.server.AbstractHttpConnection$RequestHandler.headerComplete(AbstractHttpConnection.java:988)
	at org.eclipse.jetty.http.HttpParser.parseNext(HttpParser.java:635)
	at org.eclipse.jetty.http.HttpParser.parseAvailable(HttpParser.java:235)
	at org.eclipse.jetty.server.AsyncHttpConnection.handle(AsyncHttpConnection.java:82)
	at org.eclipse.jetty.io.nio.SelectChannelEndPoint.handle(SelectChannelEndPoint.java:628)
	at org.eclipse.jetty.io.nio.SelectChannelEndPoint$1.run(SelectChannelEndPoint.java:52)
	at org.eclipse.jetty.util.thread.QueuedThreadPool.runJob(QueuedThreadPool.java:608)
	at org.eclipse.jetty.util.thread.QueuedThreadPool$3.run(QueuedThreadPool.java:543)
	at java.lang.Thread.run(Unknown Source)
Caused by: com.jfinal.template.TemplateException: Can not accessed by "keyWord" field from null target
Template: "/_view/_admin/userlog/index.html". Line: 15
	at com.jfinal.template.expr.ast.Field.eval(Field.java:59)
	at com.jfinal.template.expr.ast.ExprList.eval(ExprList.java:59)
	at com.jfinal.template.stat.ast.Output.exec(Output.java:46)
	at com.jfinal.template.stat.ast.StatList.exec(StatList.java:47)
	at com.jfinal.template.stat.ast.Define.call(Define.java:105)
	at com.jfinal.template.stat.ast.Call.exec(Call.java:49)
	at com.jfinal.template.stat.ast.StatList.exec(StatList.java:47)
	at com.jfinal.template.stat.ast.Define.call(Define.java:105)
	at com.jfinal.template.stat.ast.Call.exec(Call.java:49)
	at com.jfinal.template.stat.ast.StatList.exec(StatList.java:47)
	at com.jfinal.template.Template.render(Template.java:49)
	at com.jfinal.render.TemplateRender.render(TemplateRender.java:61)
	... 25 more

2017-02-04 13:08:37
[ERROR]-[Thread: qtp1973538135-385]-[com.jfinal.core.JFinalFilter.doFilter()]: /admin//
com.jfinal.render.RenderException: java.lang.RuntimeException: File not found : D:\workspace_mars\mat\WebRoot/error_404.html
	at com.jfinal.render.TemplateRender.render(TemplateRender.java:63)
	at com.jfinal.render.ErrorRender.render(ErrorRender.java:51)
	at com.jfinal.core.ActionHandler.handle(ActionHandler.java:64)
	at com.jfinal.core.JFinalFilter.doFilter(JFinalFilter.java:74)
	at org.eclipse.jetty.servlet.ServletHandler$CachedChain.doFilter(ServletHandler.java:1307)
	at org.eclipse.jetty.servlet.ServletHandler.doHandle(ServletHandler.java:453)
	at org.eclipse.jetty.server.handler.ScopedHandler.handle(ScopedHandler.java:137)
	at org.eclipse.jetty.security.SecurityHandler.handle(SecurityHandler.java:560)
	at org.eclipse.jetty.server.session.SessionHandler.doHandle(SessionHandler.java:231)
	at org.eclipse.jetty.server.handler.ContextHandler.doHandle(ContextHandler.java:1072)
	at org.eclipse.jetty.servlet.ServletHandler.doScope(ServletHandler.java:382)
	at org.eclipse.jetty.server.session.SessionHandler.doScope(SessionHandler.java:193)
	at org.eclipse.jetty.server.handler.ContextHandler.doScope(ContextHandler.java:1006)
	at org.eclipse.jetty.server.handler.ScopedHandler.handle(ScopedHandler.java:135)
	at org.eclipse.jetty.server.handler.HandlerWrapper.handle(HandlerWrapper.java:116)
	at org.eclipse.jetty.server.Server.handle(Server.java:365)
	at org.eclipse.jetty.server.AbstractHttpConnection.handleRequest(AbstractHttpConnection.java:485)
	at org.eclipse.jetty.server.AbstractHttpConnection.headerComplete(AbstractHttpConnection.java:926)
	at org.eclipse.jetty.server.AbstractHttpConnection$RequestHandler.headerComplete(AbstractHttpConnection.java:988)
	at org.eclipse.jetty.http.HttpParser.parseNext(HttpParser.java:635)
	at org.eclipse.jetty.http.HttpParser.parseAvailable(HttpParser.java:235)
	at org.eclipse.jetty.server.AsyncHttpConnection.handle(AsyncHttpConnection.java:82)
	at org.eclipse.jetty.io.nio.SelectChannelEndPoint.handle(SelectChannelEndPoint.java:628)
	at org.eclipse.jetty.io.nio.SelectChannelEndPoint$1.run(SelectChannelEndPoint.java:52)
	at org.eclipse.jetty.util.thread.QueuedThreadPool.runJob(QueuedThreadPool.java:608)
	at org.eclipse.jetty.util.thread.QueuedThreadPool$3.run(QueuedThreadPool.java:543)
	at java.lang.Thread.run(Unknown Source)
Caused by: java.lang.RuntimeException: File not found : D:\workspace_mars\mat\WebRoot/error_404.html
	at com.jfinal.template.FileStringSource.loadFile(FileStringSource.java:75)
	at com.jfinal.template.FileStringSource.getContent(FileStringSource.java:50)
	at com.jfinal.template.Engine.buildTemplateByFileStringSource(Engine.java:150)
	at com.jfinal.template.Engine.getTemplate(Engine.java:133)
	at com.jfinal.render.TemplateRender.render(TemplateRender.java:61)
	... 26 more

2017-02-04 13:18:18
[ERROR]-[Thread: qtp1973538135-393]-[com.jfinal.core.JFinalFilter.doFilter()]: /admin//knlodege
com.jfinal.render.RenderException: java.lang.RuntimeException: File not found : D:\workspace_mars\mat\WebRoot/error_404.html
	at com.jfinal.render.TemplateRender.render(TemplateRender.java:63)
	at com.jfinal.render.ErrorRender.render(ErrorRender.java:51)
	at com.jfinal.core.ActionHandler.handle(ActionHandler.java:64)
	at com.jfinal.core.JFinalFilter.doFilter(JFinalFilter.java:74)
	at org.eclipse.jetty.servlet.ServletHandler$CachedChain.doFilter(ServletHandler.java:1307)
	at org.eclipse.jetty.servlet.ServletHandler.doHandle(ServletHandler.java:453)
	at org.eclipse.jetty.server.handler.ScopedHandler.handle(ScopedHandler.java:137)
	at org.eclipse.jetty.security.SecurityHandler.handle(SecurityHandler.java:560)
	at org.eclipse.jetty.server.session.SessionHandler.doHandle(SessionHandler.java:231)
	at org.eclipse.jetty.server.handler.ContextHandler.doHandle(ContextHandler.java:1072)
	at org.eclipse.jetty.servlet.ServletHandler.doScope(ServletHandler.java:382)
	at org.eclipse.jetty.server.session.SessionHandler.doScope(SessionHandler.java:193)
	at org.eclipse.jetty.server.handler.ContextHandler.doScope(ContextHandler.java:1006)
	at org.eclipse.jetty.server.handler.ScopedHandler.handle(ScopedHandler.java:135)
	at org.eclipse.jetty.server.handler.HandlerWrapper.handle(HandlerWrapper.java:116)
	at org.eclipse.jetty.server.Server.handle(Server.java:365)
	at org.eclipse.jetty.server.AbstractHttpConnection.handleRequest(AbstractHttpConnection.java:485)
	at org.eclipse.jetty.server.AbstractHttpConnection.headerComplete(AbstractHttpConnection.java:926)
	at org.eclipse.jetty.server.AbstractHttpConnection$RequestHandler.headerComplete(AbstractHttpConnection.java:988)
	at org.eclipse.jetty.http.HttpParser.parseNext(HttpParser.java:635)
	at org.eclipse.jetty.http.HttpParser.parseAvailable(HttpParser.java:235)
	at org.eclipse.jetty.server.AsyncHttpConnection.handle(AsyncHttpConnection.java:82)
	at org.eclipse.jetty.io.nio.SelectChannelEndPoint.handle(SelectChannelEndPoint.java:628)
	at org.eclipse.jetty.io.nio.SelectChannelEndPoint$1.run(SelectChannelEndPoint.java:52)
	at org.eclipse.jetty.util.thread.QueuedThreadPool.runJob(QueuedThreadPool.java:608)
	at org.eclipse.jetty.util.thread.QueuedThreadPool$3.run(QueuedThreadPool.java:543)
	at java.lang.Thread.run(Unknown Source)
Caused by: java.lang.RuntimeException: File not found : D:\workspace_mars\mat\WebRoot/error_404.html
	at com.jfinal.template.FileStringSource.loadFile(FileStringSource.java:75)
	at com.jfinal.template.FileStringSource.getContent(FileStringSource.java:50)
	at com.jfinal.template.Engine.buildTemplateByFileStringSource(Engine.java:150)
	at com.jfinal.template.Engine.getTemplate(Engine.java:133)
	at com.jfinal.render.TemplateRender.render(TemplateRender.java:61)
	... 26 more

2017-02-04 13:57:03
[ERROR]-[Thread: qtp1973538135-404]-[com.jfinal.core.ActionHandler.handle()]: /admin/kntree
com.jfinal.plugin.activerecord.ActiveRecordException: com.jfinal.plugin.activerecord.ActiveRecordException: The table name: kn_tree not in your sql.
	at com.jfinal.plugin.activerecord.Model.find(Model.java:579)
	at org.kelab.admin.kn.tree.TreeAdminService.findAllKnTree(TreeAdminService.java:22)
	at org.kelab.admin.kn.tree.TreeAdminController.index(TreeAdminController.java:14)
	at sun.reflect.NativeMethodAccessorImpl.invoke0(Native Method)
	at sun.reflect.NativeMethodAccessorImpl.invoke(Unknown Source)
	at sun.reflect.DelegatingMethodAccessorImpl.invoke(Unknown Source)
	at java.lang.reflect.Method.invoke(Unknown Source)
	at com.jfinal.aop.Invocation.invoke(Invocation.java:73)
	at org.kelab.common.interceptor.AdminAuthInterceptor.intercept(AdminAuthInterceptor.java:43)
	at com.jfinal.aop.Invocation.invoke(Invocation.java:67)
	at org.kelab.common.interceptor.LoginSessionInterceptor.intercept(LoginSessionInterceptor.java:40)
	at com.jfinal.aop.Invocation.invoke(Invocation.java:67)
	at com.jfinal.core.ActionHandler.handle(ActionHandler.java:74)
	at com.jfinal.core.JFinalFilter.doFilter(JFinalFilter.java:74)
	at org.eclipse.jetty.servlet.ServletHandler$CachedChain.doFilter(ServletHandler.java:1307)
	at org.eclipse.jetty.servlet.ServletHandler.doHandle(ServletHandler.java:453)
	at org.eclipse.jetty.server.handler.ScopedHandler.handle(ScopedHandler.java:137)
	at org.eclipse.jetty.security.SecurityHandler.handle(SecurityHandler.java:560)
	at org.eclipse.jetty.server.session.SessionHandler.doHandle(SessionHandler.java:231)
	at org.eclipse.jetty.server.handler.ContextHandler.doHandle(ContextHandler.java:1072)
	at org.eclipse.jetty.servlet.ServletHandler.doScope(ServletHandler.java:382)
	at org.eclipse.jetty.server.session.SessionHandler.doScope(SessionHandler.java:193)
	at org.eclipse.jetty.server.handler.ContextHandler.doScope(ContextHandler.java:1006)
	at org.eclipse.jetty.server.handler.ScopedHandler.handle(ScopedHandler.java:135)
	at org.eclipse.jetty.server.handler.HandlerWrapper.handle(HandlerWrapper.java:116)
	at org.eclipse.jetty.server.Server.handle(Server.java:365)
	at org.eclipse.jetty.server.AbstractHttpConnection.handleRequest(AbstractHttpConnection.java:485)
	at org.eclipse.jetty.server.AbstractHttpConnection.headerComplete(AbstractHttpConnection.java:926)
	at org.eclipse.jetty.server.AbstractHttpConnection$RequestHandler.headerComplete(AbstractHttpConnection.java:988)
	at org.eclipse.jetty.http.HttpParser.parseNext(HttpParser.java:635)
	at org.eclipse.jetty.http.HttpParser.parseAvailable(HttpParser.java:235)
	at org.eclipse.jetty.server.AsyncHttpConnection.handle(AsyncHttpConnection.java:82)
	at org.eclipse.jetty.io.nio.SelectChannelEndPoint.handle(SelectChannelEndPoint.java:628)
	at org.eclipse.jetty.io.nio.SelectChannelEndPoint$1.run(SelectChannelEndPoint.java:52)
	at org.eclipse.jetty.util.thread.QueuedThreadPool.runJob(QueuedThreadPool.java:608)
	at org.eclipse.jetty.util.thread.QueuedThreadPool$3.run(QueuedThreadPool.java:543)
	at java.lang.Thread.run(Unknown Source)
Caused by: com.jfinal.plugin.activerecord.ActiveRecordException: The table name: kn_tree not in your sql.
	at com.jfinal.plugin.activerecord.Model.checkTableName(Model.java:591)
	at com.jfinal.plugin.activerecord.Model.find(Model.java:556)
	at com.jfinal.plugin.activerecord.Model.find(Model.java:577)
	... 36 more

2017-02-04 13:57:03
[ERROR]-[Thread: qtp1973538135-404]-[com.jfinal.core.JFinalFilter.doFilter()]: /admin/kntree
com.jfinal.render.RenderException: java.lang.RuntimeException: File not found : D:\workspace_mars\mat\WebRoot/_view/_admin/kntree/error_500.html
	at com.jfinal.render.TemplateRender.render(TemplateRender.java:63)
	at com.jfinal.render.ErrorRender.render(ErrorRender.java:51)
	at com.jfinal.core.ActionHandler.handle(ActionHandler.java:137)
	at com.jfinal.core.JFinalFilter.doFilter(JFinalFilter.java:74)
	at org.eclipse.jetty.servlet.ServletHandler$CachedChain.doFilter(ServletHandler.java:1307)
	at org.eclipse.jetty.servlet.ServletHandler.doHandle(ServletHandler.java:453)
	at org.eclipse.jetty.server.handler.ScopedHandler.handle(ScopedHandler.java:137)
	at org.eclipse.jetty.security.SecurityHandler.handle(SecurityHandler.java:560)
	at org.eclipse.jetty.server.session.SessionHandler.doHandle(SessionHandler.java:231)
	at org.eclipse.jetty.server.handler.ContextHandler.doHandle(ContextHandler.java:1072)
	at org.eclipse.jetty.servlet.ServletHandler.doScope(ServletHandler.java:382)
	at org.eclipse.jetty.server.session.SessionHandler.doScope(SessionHandler.java:193)
	at org.eclipse.jetty.server.handler.ContextHandler.doScope(ContextHandler.java:1006)
	at org.eclipse.jetty.server.handler.ScopedHandler.handle(ScopedHandler.java:135)
	at org.eclipse.jetty.server.handler.HandlerWrapper.handle(HandlerWrapper.java:116)
	at org.eclipse.jetty.server.Server.handle(Server.java:365)
	at org.eclipse.jetty.server.AbstractHttpConnection.handleRequest(AbstractHttpConnection.java:485)
	at org.eclipse.jetty.server.AbstractHttpConnection.headerComplete(AbstractHttpConnection.java:926)
	at org.eclipse.jetty.server.AbstractHttpConnection$RequestHandler.headerComplete(AbstractHttpConnection.java:988)
	at org.eclipse.jetty.http.HttpParser.parseNext(HttpParser.java:635)
	at org.eclipse.jetty.http.HttpParser.parseAvailable(HttpParser.java:235)
	at org.eclipse.jetty.server.AsyncHttpConnection.handle(AsyncHttpConnection.java:82)
	at org.eclipse.jetty.io.nio.SelectChannelEndPoint.handle(SelectChannelEndPoint.java:628)
	at org.eclipse.jetty.io.nio.SelectChannelEndPoint$1.run(SelectChannelEndPoint.java:52)
	at org.eclipse.jetty.util.thread.QueuedThreadPool.runJob(QueuedThreadPool.java:608)
	at org.eclipse.jetty.util.thread.QueuedThreadPool$3.run(QueuedThreadPool.java:543)
	at java.lang.Thread.run(Unknown Source)
Caused by: java.lang.RuntimeException: File not found : D:\workspace_mars\mat\WebRoot/_view/_admin/kntree/error_500.html
	at com.jfinal.template.FileStringSource.loadFile(FileStringSource.java:75)
	at com.jfinal.template.FileStringSource.getContent(FileStringSource.java:50)
	at com.jfinal.template.Engine.buildTemplateByFileStringSource(Engine.java:150)
	at com.jfinal.template.Engine.getTemplate(Engine.java:133)
	at com.jfinal.render.TemplateRender.render(TemplateRender.java:61)
	... 26 more
